2 2 3 17
2 2 3 29
2 2 5 37
2 2 2 2
2 3 2 2
2 2 3 3
2 3 3 47
2 2 5 9999991
2 2 5 6781
2 2 5 45343
2 3 3 9999991
2 2 3 4993
2 3 67 8929
Impossible.
Impossible.
2 3 29 555521
2 3 13 4567873
2 3 3 7777769
Impossible.
2 2 7 1223
2 3 3 5413
2 2 3 499
2 2 7 31223
2 3 19 4297
2 3 7 8753
2 3 5 4993
2 3 17 1023521
2 2 17 11213
Impossible.
Impossible.
Impossible.
Impossible.
Impossible.
Impossible.
Impossible.
2 2 2 2
2 3 2 2
2 2 3 3
2 3 5 89
2 2 7 89
2 3 7 89
2 3 3 191
2 2 3 193
2 3 3 193
2 3 3 991
2 2 5 991
2 3 5 991
2 3 3 99991
2 2 5 99991
2 3 5 99991
2 3 3 9999991
2 2 5 9999991
